<?xml version="1.0" encoding="UTF-8"?>
<testsuite xmlns:xsi="http://www.w3.org/2001/XMLSchema-instance" xsi:noNamespaceSchemaLocation="https://maven.apache.org/surefire/maven-surefire-plugin/xsd/surefire-test-report.xsd" name="MainTest" time="0.031" tests="3" errors="0" skipped="0" failures="0">
  <properties>
[...]
</properties>
  <testcase name="TestWrongXML" classname="MainTest" time="0.031"/>
  <testcase name="TestOneElement" classname="MainTest" time="0"/>
  <testcase name="TestFiveElements" classname="MainTest" time="0"/>
</testsuite>